2012-05-08 18:26:27,192 [ModalContext] ERROR o.e.m.j.i.l.MavenLaunchConfigurationListener - Launch configuration Start WebStudio references non-existing project org.openl.rules.webstudio.
org.eclipse.core.runtime.CoreException: Launch configuration Start WebStudio references non-existing project org.openl.rules.webstudio.
	at org.eclipse.jdt.launching.JavaRuntime.abort(JavaRuntime.java:1376) ~[org.eclipse.jdt.launching_3.6.1.v20111006_r372.jar:na]
	at org.eclipse.jdt.launching.JavaRuntime.getJavaProject(JavaRuntime.java:1252) ~[org.eclipse.jdt.launching_3.6.1.v20111006_r372.jar:na]
	at org.eclipse.m2e.jdt.internal.launch.MavenLaunchConfigurationListener.updateLaunchConfiguration(MavenLaunchConfigurationListener.java:52) [org.eclipse.m2e.jdt_1.0.200.20111228-1245.jar:na]
	at org.eclipse.m2e.jdt.internal.launch.MavenLaunchConfigurationListener.launchConfigurationAdded(MavenLaunchConfigurationListener.java:33) [org.eclipse.m2e.jdt_1.0.200.20111228-1245.jar:na]
	at org.eclipse.debug.internal.core.LaunchManager$ConfigurationNotifier.run(LaunchManager.java:222) [org.eclipse.debug.core_3.7.1.v20111129-2031.jar:na]
	at org.eclipse.core.runtime.SafeRunner.run(SafeRunner.java:42) [org.eclipse.equinox.common_3.6.0.v20110523.jar:na]
	at org.eclipse.debug.internal.core.LaunchManager$ConfigurationNotifier.notify(LaunchManager.java:209) [org.eclipse.debug.core_3.7.1.v20111129-2031.jar:na]
	at org.eclipse.debug.internal.core.LaunchManager.launchConfigurationAdded(LaunchManager.java:2088) [org.eclipse.debug.core_3.7.1.v20111129-2031.jar:na]
	at org.eclipse.debug.internal.core.LaunchManager.projectOpened(LaunchManager.java:2190) [org.eclipse.debug.core_3.7.1.v20111129-2031.jar:na]
	at org.eclipse.debug.internal.core.LaunchManager$LaunchManagerVisitor.visit(LaunchManager.java:368) [org.eclipse.debug.core_3.7.1.v20111129-2031.jar:na]
	at org.eclipse.core.internal.events.ResourceDelta.accept(ResourceDelta.java:69) [org.eclipse.core.resources_3.7.101.v20120125-1505.jar:na]
	at org.eclipse.core.internal.events.ResourceDelta.accept(ResourceDelta.java:80) [org.eclipse.core.resources_3.7.101.v20120125-1505.jar:na]
	at org.eclipse.core.internal.events.ResourceDelta.accept(ResourceDelta.java:49) [org.eclipse.core.resources_3.7.101.v20120125-1505.jar:na]
	at org.eclipse.debug.internal.core.LaunchManager.resourceChanged(LaunchManager.java:2259) [org.eclipse.debug.core_3.7.1.v20111129-2031.jar:na]
	at org.eclipse.core.internal.events.NotificationManager$1.run(NotificationManager.java:291) [org.eclipse.core.resources_3.7.101.v20120125-1505.jar:na]
	at org.eclipse.core.runtime.SafeRunner.run(SafeRunner.java:42) [org.eclipse.equinox.common_3.6.0.v20110523.jar:na]
	at org.eclipse.core.internal.events.NotificationManager.notify(NotificationManager.java:285) [org.eclipse.core.resources_3.7.101.v20120125-1505.jar:na]
	at org.eclipse.core.internal.events.NotificationManager.broadcastChanges(NotificationManager.java:149) [org.eclipse.core.resources_3.7.101.v20120125-1505.jar:na]
	at org.eclipse.core.internal.resources.Workspace.broadcastPostChange(Workspace.java:395) [org.eclipse.core.resources_3.7.101.v20120125-1505.jar:na]
	at org.eclipse.core.internal.resources.Workspace.endOperation(Workspace.java:1530) [org.eclipse.core.resources_3.7.101.v20120125-1505.jar:na]
	at org.eclipse.core.internal.resources.File.create(File.java:174) [org.eclipse.core.resources_3.7.101.v20120125-1505.jar:na]
	at org.eclipse.core.internal.resources.File.create(File.java:187) [org.eclipse.core.resources_3.7.101.v20120125-1505.jar:na]
	at org.openl.eclipse.wizard.base.internal.TemplateCopier.copyFile(TemplateCopier.java:171) [org.openl.eclipse.ui.wizard_5.9.1/:5.9.1]
	at org.openl.eclipse.wizard.base.internal.TemplateCopier.copyFiles(TemplateCopier.java:225) [org.openl.eclipse.ui.wizard_5.9.1/:5.9.1]
	at org.openl.eclipse.wizard.base.internal.TemplateCopier.copyFiles(TemplateCopier.java:220) [org.openl.eclipse.ui.wizard_5.9.1/:5.9.1]
	at org.openl.eclipse.wizard.base.internal.TemplateCopier.copyFiles(TemplateCopier.java:220) [org.openl.eclipse.ui.wizard_5.9.1/:5.9.1]
	at org.openl.eclipse.wizard.base.internal.TemplateCopier.copyFiles(TemplateCopier.java:220) [org.openl.eclipse.ui.wizard_5.9.1/:5.9.1]
	at org.openl.eclipse.wizard.base.internal.TemplateCopier.copyFiles(TemplateCopier.java:220) [org.openl.eclipse.ui.wizard_5.9.1/:5.9.1]
	at org.openl.eclipse.wizard.base.internal.TemplateCopier.copyFiles(TemplateCopier.java:220) [org.openl.eclipse.ui.wizard_5.9.1/:5.9.1]
	at org.openl.eclipse.wizard.base.internal.TemplateCopier.copyFiles(TemplateCopier.java:220) [org.openl.eclipse.ui.wizard_5.9.1/:5.9.1]
	at org.openl.eclipse.wizard.base.internal.TemplateCopier.copyFiles(TemplateCopier.java:220) [org.openl.eclipse.ui.wizard_5.9.1/:5.9.1]
	at org.openl.eclipse.wizard.base.internal.TemplateCopier.copyFiles(TemplateCopier.java:220) [org.openl.eclipse.ui.wizard_5.9.1/:5.9.1]
	at org.openl.eclipse.wizard.base.internal.TemplateCopier.copy(TemplateCopier.java:139) [org.openl.eclipse.ui.wizard_5.9.1/:5.9.1]
	at org.openl.eclipse.wizard.base.NewProjectFromTemplateWizard$1.execute(NewProjectFromTemplateWizard.java:81) [org.openl.eclipse.ui.wizard_5.9.1/:5.9.1]
	at org.eclipse.ui.actions.WorkspaceModifyOperation$1.run(WorkspaceModifyOperation.java:106) [org.eclipse.ui.ide_3.7.0.v20110928-1505.jar:na]
	at org.eclipse.core.internal.resources.Workspace.run(Workspace.java:2344) [org.eclipse.core.resources_3.7.101.v20120125-1505.jar:na]
	at org.eclipse.ui.actions.WorkspaceModifyOperation.run(WorkspaceModifyOperation.java:118) [org.eclipse.ui.ide_3.7.0.v20110928-1505.jar:na]
	at org.eclipse.jface.operation.ModalContext$ModalContextThread.run(ModalContext.java:121) [org.eclipse.jface_3.7.0.v20110928-1505.jar:na]
2012-05-08 18:26:31,726 [Worker-18] ERROR o.e.m.j.i.l.MavenLaunchConfigurationListener - Launch configuration Deploy ${some.project} To Standalone Webstudio references non-existing project ${some.project}.
org.eclipse.core.runtime.CoreException: Launch configuration Deploy ${some.project} To Standalone Webstudio references non-existing project ${some.project}.
	at org.eclipse.jdt.launching.JavaRuntime.abort(JavaRuntime.java:1376) ~[org.eclipse.jdt.launching_3.6.1.v20111006_r372.jar:na]
	at org.eclipse.jdt.launching.JavaRuntime.getJavaProject(JavaRuntime.java:1252) ~[org.eclipse.jdt.launching_3.6.1.v20111006_r372.jar:na]
	at org.eclipse.m2e.jdt.internal.launch.MavenLaunchConfigurationListener.updateLaunchConfiguration(MavenLaunchConfigurationListener.java:52) [org.eclipse.m2e.jdt_1.0.200.20111228-1245.jar:na]
	at org.eclipse.m2e.jdt.internal.launch.MavenLaunchConfigurationListener.launchConfigurationAdded(MavenLaunchConfigurationListener.java:33) [org.eclipse.m2e.jdt_1.0.200.20111228-1245.jar:na]
	at org.eclipse.debug.internal.core.LaunchManager$ConfigurationNotifier.run(LaunchManager.java:222) [org.eclipse.debug.core_3.7.1.v20111129-2031.jar:na]
	at org.eclipse.core.runtime.SafeRunner.run(SafeRunner.java:42) [org.eclipse.equinox.common_3.6.0.v20110523.jar:na]
	at org.eclipse.debug.internal.core.LaunchManager$ConfigurationNotifier.notify(LaunchManager.java:209) [org.eclipse.debug.core_3.7.1.v20111129-2031.jar:na]
	at org.eclipse.debug.internal.core.LaunchManager.launchConfigurationAdded(LaunchManager.java:2088) [org.eclipse.debug.core_3.7.1.v20111129-2031.jar:na]
	at org.eclipse.debug.internal.core.LaunchManager$LaunchManagerVisitor.visit(LaunchManager.java:382) [org.eclipse.debug.core_3.7.1.v20111129-2031.jar:na]
	at org.eclipse.core.internal.events.ResourceDelta.accept(ResourceDelta.java:69) [org.eclipse.core.resources_3.7.101.v20120125-1505.jar:na]
	at org.eclipse.core.internal.events.ResourceDelta.accept(ResourceDelta.java:80) [org.eclipse.core.resources_3.7.101.v20120125-1505.jar:na]
	at org.eclipse.core.internal.events.ResourceDelta.accept(ResourceDelta.java:80) [org.eclipse.core.resources_3.7.101.v20120125-1505.jar:na]
	at org.eclipse.core.internal.events.ResourceDelta.accept(ResourceDelta.java:49) [org.eclipse.core.resources_3.7.101.v20120125-1505.jar:na]
	at org.eclipse.debug.internal.core.LaunchManager.resourceChanged(LaunchManager.java:2259) [org.eclipse.debug.core_3.7.1.v20111129-2031.jar:na]
	at org.eclipse.core.internal.events.NotificationManager$1.run(NotificationManager.java:291) [org.eclipse.core.resources_3.7.101.v20120125-1505.jar:na]
	at org.eclipse.core.runtime.SafeRunner.run(SafeRunner.java:42) [org.eclipse.equinox.common_3.6.0.v20110523.jar:na]
	at org.eclipse.core.internal.events.NotificationManager.notify(NotificationManager.java:285) [org.eclipse.core.resources_3.7.101.v20120125-1505.jar:na]
	at org.eclipse.core.internal.events.NotificationManager.broadcastChanges(NotificationManager.java:149) [org.eclipse.core.resources_3.7.101.v20120125-1505.jar:na]
	at org.eclipse.core.internal.resources.Workspace.broadcastPostChange(Workspace.java:395) [org.eclipse.core.resources_3.7.101.v20120125-1505.jar:na]
	at org.eclipse.core.internal.resources.Workspace.endOperation(Workspace.java:1530) [org.eclipse.core.resources_3.7.101.v20120125-1505.jar:na]
	at org.eclipse.core.internal.resources.Workspace.run(Workspace.java:2353) [org.eclipse.core.resources_3.7.101.v20120125-1505.jar:na]
	at org.eclipse.core.internal.events.NotificationManager$NotifyJob.run(NotificationManager.java:40) [org.eclipse.core.resources_3.7.101.v20120125-1505.jar:na]
	at org.eclipse.core.internal.jobs.Worker.run(Worker.java:54) [org.eclipse.core.jobs_3.5.101.v20120113-1953.jar:na]
2012-05-08 18:27:14,211 [ModalContext] ERROR o.e.m.j.i.l.MavenLaunchConfigurationListener - Launch configuration Deploy ${some.project} To Standalone Webstudio references non-existing project ${some.project}.
org.eclipse.core.runtime.CoreException: Launch configuration Deploy ${some.project} To Standalone Webstudio references non-existing project ${some.project}.
	at org.eclipse.jdt.launching.JavaRuntime.abort(JavaRuntime.java:1376) ~[org.eclipse.jdt.launching_3.6.1.v20111006_r372.jar:na]
	at org.eclipse.jdt.launching.JavaRuntime.getJavaProject(JavaRuntime.java:1252) ~[org.eclipse.jdt.launching_3.6.1.v20111006_r372.jar:na]
	at org.eclipse.m2e.jdt.internal.launch.MavenLaunchConfigurationListener.updateLaunchConfiguration(MavenLaunchConfigurationListener.java:52) [org.eclipse.m2e.jdt_1.0.200.20111228-1245.jar:na]
	at org.eclipse.m2e.jdt.internal.launch.MavenLaunchConfigurationListener.launchConfigurationAdded(MavenLaunchConfigurationListener.java:33) [org.eclipse.m2e.jdt_1.0.200.20111228-1245.jar:na]
	at org.eclipse.debug.internal.core.LaunchManager$ConfigurationNotifier.run(LaunchManager.java:222) [org.eclipse.debug.core_3.7.1.v20111129-2031.jar:na]
	at org.eclipse.core.runtime.SafeRunner.run(SafeRunner.java:42) [org.eclipse.equinox.common_3.6.0.v20110523.jar:na]
	at org.eclipse.debug.internal.core.LaunchManager$ConfigurationNotifier.notify(LaunchManager.java:209) [org.eclipse.debug.core_3.7.1.v20111129-2031.jar:na]
	at org.eclipse.debug.internal.core.LaunchManager.launchConfigurationAdded(LaunchManager.java:2088) [org.eclipse.debug.core_3.7.1.v20111129-2031.jar:na]
	at org.eclipse.debug.internal.core.LaunchManager.projectOpened(LaunchManager.java:2190) [org.eclipse.debug.core_3.7.1.v20111129-2031.jar:na]
	at org.eclipse.debug.internal.core.LaunchManager$LaunchManagerVisitor.visit(LaunchManager.java:368) [org.eclipse.debug.core_3.7.1.v20111129-2031.jar:na]
	at org.eclipse.core.internal.events.ResourceDelta.accept(ResourceDelta.java:69) [org.eclipse.core.resources_3.7.101.v20120125-1505.jar:na]
	at org.eclipse.core.internal.events.ResourceDelta.accept(ResourceDelta.java:80) [org.eclipse.core.resources_3.7.101.v20120125-1505.jar:na]
	at org.eclipse.core.internal.events.ResourceDelta.accept(ResourceDelta.java:49) [org.eclipse.core.resources_3.7.101.v20120125-1505.jar:na]
	at org.eclipse.debug.internal.core.LaunchManager.resourceChanged(LaunchManager.java:2259) [org.eclipse.debug.core_3.7.1.v20111129-2031.jar:na]
	at org.eclipse.core.internal.events.NotificationManager$1.run(NotificationManager.java:291) [org.eclipse.core.resources_3.7.101.v20120125-1505.jar:na]
	at org.eclipse.core.runtime.SafeRunner.run(SafeRunner.java:42) [org.eclipse.equinox.common_3.6.0.v20110523.jar:na]
	at org.eclipse.core.internal.events.NotificationManager.notify(NotificationManager.java:285) [org.eclipse.core.resources_3.7.101.v20120125-1505.jar:na]
	at org.eclipse.core.internal.events.NotificationManager.broadcastChanges(NotificationManager.java:149) [org.eclipse.core.resources_3.7.101.v20120125-1505.jar:na]
	at org.eclipse.core.internal.resources.Workspace.broadcastPostChange(Workspace.java:395) [org.eclipse.core.resources_3.7.101.v20120125-1505.jar:na]
	at org.eclipse.core.internal.resources.Workspace.endOperation(Workspace.java:1530) [org.eclipse.core.resources_3.7.101.v20120125-1505.jar:na]
	at org.eclipse.core.internal.resources.Workspace.run(Workspace.java:2353) [org.eclipse.core.resources_3.7.101.v20120125-1505.jar:na]
	at org.eclipse.ui.actions.WorkspaceModifyOperation.run(WorkspaceModifyOperation.java:118) [org.eclipse.ui.ide_3.7.0.v20110928-1505.jar:na]
	at org.eclipse.jface.operation.ModalContext$ModalContextThread.run(ModalContext.java:121) [org.eclipse.jface_3.7.0.v20110928-1505.jar:na]
